1561444909142	mozrunner::runner	INFO	Running command: "C:\\Program Files\\Mozilla Firefox\\firefox.exe" "-marionette" "-foreground" "-no-remote" "-profile" "C:\\Users\\laiyu\\AppData\\Local\\Temp\\rust_mozprofile.HMxJkQ3xtLmV"
JavaScript error: c141ydjai4m.cfg, line 2: ReferenceError: Components is not defined
1561444910235	addons.webextension.screenshots@mozilla.org	WARN	Loading extension 'screenshots@mozilla.org': Reading manifest: Invalid extension permission: mozillaAddons
1561444910237	addons.webextension.screenshots@mozilla.org	WARN	Loading extension 'screenshots@mozilla.org': Reading manifest: Invalid extension permission: resource://pdf.js/
1561444910237	addons.webextension.screenshots@mozilla.org	WARN	Loading extension 'screenshots@mozilla.org': Reading manifest: Invalid extension permission: about:reader*
1561444915405	Marionette	INFO	Listening on port 52395
[Child 7004, Chrome_ChildThread] WARNING: pipe error: 109: file z:/task_1560988636/build/src/ipc/chromium/src/chrome/common/ipc_channel_win.cc, line 341
[Child 7004, Chrome_ChildThread] WARNING: pipe error: 109: file z:/task_1560988636/build/src/ipc/chromium/src/chrome/common/ipc_channel_win.cc, line 341
1561444915553	Marionette	WARN	TLS certificate errors will be ignored for this session
1561444930883	Marionette	WARN	TimedPromise timed out after 500 ms: stacktrace:
bail@chrome://marionette/content/sync.js:223:64
1561444941966	Marionette	WARN	TimedPromise timed out after 500 ms: stacktrace:
bail@chrome://marionette/content/sync.js:223:64
JavaScript error: https://m.sc.189.cn/handlecloud-page/point/index01.html?fastcode=20000335&cityCode=sc, line 718: TypeError: e is undefined
JavaScript error: https://m.sc.189.cn/handlecloud-page/point/index01.html?fastcode=20000335&cityCode=sc, line 718: TypeError: e is undefined
JavaScript error: https://m.sc.189.cn/handlecloud-page/point/index01.html?fastcode=20000335&cityCode=sc, line 718: TypeError: e is undefined
JavaScript error: https://m.sc.189.cn/handlecloud-page/point/index01.html?fastcode=20000335&cityCode=sc, line 718: TypeError: e is undefined
JavaScript error: https://m.sc.189.cn/handlecloud-page/point/index01.html?fastcode=20000335&cityCode=sc, line 718: TypeError: e is undefined
JavaScript error: https://m.sc.189.cn/handlecloud-page/point/index01.html?fastcode=20000335&cityCode=sc, line 718: TypeError: e is undefined
JavaScript error: https://m.sc.189.cn/handlecloud-page/point/index01.html?fastcode=20000335&cityCode=sc, line 477: TypeError: e is undefined
console.error: BroadcastService: 
  receivedBroadcastMessage: handler for
  remote-settings/monitor_changes
  threw error:
  Message: Error: Polling for changes failed: http://%(server)s/dummy/blocklist//buckets/monitor/collections/changes/records?_expected=%221561398413242%22 is not a valid URL..
  Stack:
    remoteSettingsFunction/remoteSettings.pollChanges@resource://services-settings/remote-settings.js:203:13

[Parent 2252, Gecko_IOThread] WARNING: pipe error: 109: file z:/task_1560988636/build/src/ipc/chromium/src/chrome/common/ipc_channel_win.cc, line 341
[Parent 2252, Gecko_IOThread] WARNING: pipe error: 109: file z:/task_1560988636/build/src/ipc/chromium/src/chrome/common/ipc_channel_win.cc, line 341
[Child 9952, Chrome_ChildThread] WARNING: pipe error: 109: file 1561445803928	Marionette	INFO	Stopped listening on port 52395

###!!! [Child][RunMessage] Error: Channel closing: too late to send/recv, messages will be lost


###!!! [Child][MessageChannel::SendAndWait] Error: Channel error: cannot send/recv

libpng warning: iCCP: known incorrect sRGB profile
